#
# A fatal error has been detected by the Java Runtime Environment:
#
#  Internal Error (sharedRuntime.cpp:533), pid=4948, tid=0x00007f989e158700
#  Error: ShouldNotReachHere()
#
# JRE version: Java(TM) SE Runtime Environment (8.0_121-b13) (build 1.8.0_121-b13)
# Java VM: Java HotSpot(TM) 64-Bit Server VM (25.121-b13 mixed mode linux-amd64 compressed oops)
# Failed to write core dump. Core dumps have been disabled. To enable core dumping, try "ulimit -c unlimited" before starting Java again
#
# If you would like to submit a bug report, please visit:
#   http://bugreport.java.com/bugreport/crash.jsp
#

---------------  T H R E A D  ---------------

Current thread (0x00007f989800a000):  JavaThread "main" [_thread_in_Java, id=4951, stack(0x00007f989e058000,0x00007f989e159000)]

Stack: [0x00007f989e058000,0x00007f989e159000]

---------------  P R O C E S S  ---------------

Java Threads: ( => current thread )
  0x00007f98980ba000 JavaThread "Service Thread" daemon [_thread_blocked, id=4960, stack(0x00007f987f65d000,0x00007f987f75e000)]
  0x00007f98980b7800 JavaThread "C1 CompilerThread1" daemon [_thread_in_native, id=4959, stack(0x00007f987f75e000,0x00007f987f85f000)]
  0x00007f98980b4800 JavaThread "C2 CompilerThread0" daemon [_thread_blocked, id=4958, stack(0x00007f987f85f000,0x00007f987f960000)]
  0x00007f98980b3000 JavaThread "Signal Dispatcher" daemon [_thread_blocked, id=4957, stack(0x00007f987f960000,0x00007f987fa61000)]
  0x00007f9898080000 JavaThread "Finalizer" daemon [_thread_blocked, id=4956, stack(0x00007f987fbfc000,0x00007f987fcfd000)]
  0x00007f989807b800 JavaThread "Reference Handler" daemon [_thread_blocked, id=4955, stack(0x00007f987fcfd000,0x00007f987fdfe000)]
=>0x00007f989800a000 JavaThread "main" [_thread_in_Java, id=4951, stack(0x00007f989e058000,0x00007f989e159000)]

Other Threads:
  0x00007f9898073800 VMThread [stack: 0x00007f987fdfe000,0x00007f987feff000] [id=4954]
  0x00007f98980bd000 WatcherThread [stack: 0x00007f987f55c000,0x00007f987f65d000] [id=4961]

VM state:not at safepoint (normal execution)

VM Mutex/Monitor currently owned by a thread: None

Heap:
 PSYoungGen      total 3584K, used 3296K [0x00000000e8c00000, 0x00000000e9000000, 0x0000000100000000)
  eden space 3072K, 91% used [0x00000000e8c00000,0x00000000e8ebc178,0x00000000e8f00000)
  from space 512K, 96% used [0x00000000e8f80000,0x00000000e8ffc010,0x00000000e9000000)
  to   space 512K, 0% used [0x00000000e8f00000,0x00000000e8f00000,0x00000000e8f80000)
 ParOldGen       total 5632K, used 16K [0x00000000ba400000, 0x00000000ba980000, 0x00000000e8c00000)
  object space 5632K, 0% used [0x00000000ba400000,0x00000000ba404000,0x00000000ba980000)
 Metaspace       used 5015K, capacity 6284K, committed 6656K, reserved 1056768K
  class space    used 618K, capacity 648K, committed 768K, reserved 1048576K

Card table byte_map: [0x00007f9887b7e000,0x00007f9887dad000] byte_map_base: 0x00007f98875ac000

Marking Bits: (ParMarkBitMap*) 0x00007f989d550c80
 Begin Bits: [0x00007f9885528000, 0x00007f9886698000)
 End Bits:   [0x00007f9886698000, 0x00007f9887808000)

Polling page: 0x00007f989e172000

CodeCache: size=245760Kb used=1457Kb max_used=1457Kb free=244302Kb
 bounds [0x00007f988816d000, 0x00007f98883dd000, 0x00007f989716d000]
 total_blobs=460 nmethods=203 adapters=172
 compilation: enabled

Compilation events (10 events):

[error occurred during error reporting (printing ring buffers), id 0xb]

Dynamic libraries:
00400000-00401000 r-xp 00000000 08:01 4066409                            /opt/jdk1.8.0_121/bin/javac
00600000-00601000 rw-p 00000000 08:01 4066409                            /opt/jdk1.8.0_121/bin/javac
01940000-01961000 rw-p 00000000 00:00 0                                  [heap]
ba400000-ba980000 rw-p 00000000 00:00 0 
ba980000-e8c00000 ---p 00000000 00:00 0 
e8c00000-e9000000 rw-p 00000000 00:00 0 
e9000000-100000000 ---p 00000000 00:00 0 
100000000-1000c0000 rw-p 00000000 00:00 0 
1000c0000-140000000 ---p 00000000 00:00 0 
7f9854000000-7f9854021000 rw-p 00000000 00:00 0 
7f9854021000-7f9858000000 ---p 00000000 00:00 0 
7f985c000000-7f985c08e000 rw-p 00000000 00:00 0 
7f985c08e000-7f9860000000 ---p 00000000 00:00 0 
7f9860000000-7f9860021000 rw-p 00000000 00:00 0 
7f9860021000-7f9864000000 ---p 00000000 00:00 0 
7f9864000000-7f9864021000 rw-p 00000000 00:00 0 
7f9864021000-7f9868000000 ---p 00000000 00:00 0 
7f9868000000-7f98680d0000 rw-p 00000000 00:00 0 
7f98680d0000-7f986c000000 ---p 00000000 00:00 0 
7f986c000000-7f986c021000 rw-p 00000000 00:00 0 
7f986c021000-7f9870000000 ---p 00000000 00:00 0 
7f9870000000-7f9870021000 rw-p 00000000 00:00 0 
7f9870021000-7f9874000000 ---p 00000000 00:00 0 
7f9874000000-7f9874021000 rw-p 00000000 00:00 0 
7f9874021000-7f9878000000 ---p 00000000 00:00 0 
7f9878000000-7f9878021000 rw-p 00000000 00:00 0 
7f9878021000-7f987c000000 ---p 00000000 00:00 0 
7f987f55c000-7f987f55d000 ---p 00000000 00:00 0 
7f987f55d000-7f987f65d000 rw-p 00000000 00:00 0 
7f987f65d000-7f987f660000 ---p 00000000 00:00 0 
7f987f660000-7f987f75e000 rw-p 00000000 00:00 0 
7f987f75e000-7f987f761000 ---p 00000000 00:00 0 
7f987f761000-7f987f85f000 rw-p 00000000 00:00 0 
7f987f85f000-7f987f862000 ---p 00000000 00:00 0 
7f987f862000-7f987f960000 rw-p 00000000 00:00 0 
7f987f960000-7f987f963000 ---p 00000000 00:00 0 
7f987f963000-7f987fa61000 rw-p 00000000 00:00 0 
7f987fa61000-7f987fbfc000 r--p 00000000 08:01 9572994                    /usr/lib/locale/locale-archive
7f987fbfc000-7f987fbff000 ---p 00000000 00:00 0 
7f987fbff000-7f987fcfd000 rw-p 00000000 00:00 0 
7f987fcfd000-7f987fd00000 ---p 00000000 00:00 0 
7f987fd00000-7f987fdfe000 rw-p 00000000 00:00 0 
7f987fdfe000-7f987fdff000 ---p 00000000 00:00 0 
7f987fdff000-7f9880000000 rw-p 00000000 00:00 0 
7f9880000000-7f9880021000 rw-p 00000000 00:00 0 
7f9880021000-7f9884000000 ---p 00000000 00:00 0 
7f988402f000-7f98840a9000 r--s 010f6000 08:01 4065640                    /opt/jdk1.8.0_121/lib/tools.jar
7f98840a9000-7f9884921000 rw-p 00000000 00:00 0 
7f9884921000-7f9884afa000 r--s 03d3e000 08:01 4066494                    /opt/jdk1.8.0_121/jre/lib/rt.jar
7f9884afa000-7f98850ba000 rw-p 00000000 00:00 0 
7f98850ba000-7f98852fa000 ---p 00000000 00:00 0 
7f98852fa000-7f9887808000 rw-p 00000000 00:00 0 
7f9887808000-7f9887809000 ---p 00000000 00:00 0 
7f9887809000-7f9887909000 rw-p 00000000 00:00 0 
7f9887909000-7f988790a000 ---p 00000000 00:00 0 
7f988790a000-7f9887a0d000 rw-p 00000000 00:00 0 
7f9887a0d000-7f9887b7e000 ---p 00000000 00:00 0 
7f9887b7e000-7f9887b81000 rw-p 00000000 00:00 0 
7f9887b81000-7f9887cf2000 ---p 00000000 00:00 0 
7f9887cf2000-7f9887cf4000 rw-p 00000000 00:00 0 
7f9887cf4000-7f9887dac000 ---p 00000000 00:00 0 
7f9887dac000-7f9887db7000 rw-p 00000000 00:00 0 
7f9887db7000-7f988816d000 ---p 00000000 00:00 0 
7f988816d000-7f98883dd000 rwxp 00000000 00:00 0 
7f98883dd000-7f989716d000 ---p 00000000 00:00 0 
7f989716d000-7f9897187000 r-xp 00000000 08:01 4066525                    /opt/jdk1.8.0_121/jre/lib/amd64/libzip.so
7f9897187000-7f9897387000 ---p 0001a000 08:01 4066525                    /opt/jdk1.8.0_121/jre/lib/amd64/libzip.so
7f9897387000-7f9897388000 rw-p 0001a000 08:01 4066525                    /opt/jdk1.8.0_121/jre/lib/amd64/libzip.so
7f9897388000-7f9897392000 r-xp 00000000 08:01 131494                     /lib/x86_64-linux-gnu/libnss_files-2.24.so
7f9897392000-7f9897592000 ---p 0000a000 08:01 131494                     /lib/x86_64-linux-gnu/libnss_files-2.24.so
7f9897592000-7f9897593000 r--p 0000a000 08:01 131494                     /lib/x86_64-linux-gnu/libnss_files-2.24.so
7f9897593000-7f9897594000 rw-p 0000b000 08:01 131494                     /lib/x86_64-linux-gnu/libnss_files-2.24.so
7f9897594000-7f989759a000 rw-p 00000000 00:00 0 
7f989759a000-7f98975a5000 r-xp 00000000 08:01 131496                     /lib/x86_64-linux-gnu/libnss_nis-2.24.so
7f98975a5000-7f98977a4000 ---p 0000b000 08:01 131496                     /lib/x86_64-linux-gnu/libnss_nis-2.24.so
7f98977a4000-7f98977a5000 r--p 0000a000 08:01 131496                     /lib/x86_64-linux-gnu/libnss_nis-2.24.so
7f98977a5000-7f98977a6000 rw-p 0000b000 08:01 131496                     /lib/x86_64-linux-gnu/libnss_nis-2.24.so
7f98977a6000-7f98977ba000 r-xp 00000000 08:01 131491                     /lib/x86_64-linux-gnu/libnsl-2.24.so
7f98977ba000-7f98979ba000 ---p 00014000 08:01 131491                     /lib/x86_64-linux-gnu/libnsl-2.24.so
7f98979ba000-7f98979bb000 r--p 00014000 08:01 131491                     /lib/x86_64-linux-gnu/libnsl-2.24.so
7f98979bb000-7f98979bc000 rw-p 00015000 08:01 131491                     /lib/x86_64-linux-gnu/libnsl-2.24.so
7f98979bc000-7f98979be000 rw-p 00000000 00:00 0 
7f98979be000-7f98979c5000 r-xp 00000000 08:01 131492                     /lib/x86_64-linux-gnu/libnss_compat-2.24.so
7f98979c5000-7f9897bc4000 ---p 00007000 08:01 131492                     /lib/x86_64-linux-gnu/libnss_compat-2.24.so
7f9897bc4000-7f9897bc5000 r--p 00006000 08:01 131492                     /lib/x86_64-linux-gnu/libnss_compat-2.24.so
7f9897bc5000-7f9897bc6000 rw-p 00007000 08:01 131492                     /lib/x86_64-linux-gnu/libnss_compat-2.24.so
7f9897bc6000-7f9897bf1000 r-xp 00000000 08:01 4066552                    /opt/jdk1.8.0_121/jre/lib/amd64/libjava.so
7f9897bf1000-7f9897df0000 ---p 0002b000 08:01 4066552                    /opt/jdk1.8.0_121/jre/lib/amd64/libjava.so
7f9897df0000-7f9897df2000 rw-p 0002a000 08:01 4066552                    /opt/jdk1.8.0_121/jre/lib/amd64/libjava.so
7f9897df2000-7f9897dff000 r-xp 00000000 08:01 4066503                    /opt/jdk1.8.0_121/jre/lib/amd64/libverify.so
7f9897dff000-7f9897ffe000 ---p 0000d000 08:01 4066503                    /opt/jdk1.8.0_121/jre/lib/amd64/libverify.so
7f9897ffe000-7f9898000000 rw-p 0000c000 08:01 4066503                    /opt/jdk1.8.0_121/jre/lib/amd64/libverify.so
7f9898000000-7f98983b6000 rw-p 00000000 00:00 0 
7f98983b6000-7f989c000000 ---p 00000000 00:00 0 
7f989c00a000-7f989c080000 rw-p 00000000 00:00 0 
7f989c080000-7f989c087000 r-xp 00000000 08:01 131501                     /lib/x86_64-linux-gnu/librt-2.24.so
7f989c087000-7f989c286000 ---p 00007000 08:01 131501                     /lib/x86_64-linux-gnu/librt-2.24.so
7f989c286000-7f989c287000 r--p 00006000 08:01 131501                     /lib/x86_64-linux-gnu/librt-2.24.so
7f989c287000-7f989c288000 rw-p 00007000 08:01 131501                     /lib/x86_64-linux-gnu/librt-2.24.so
7f989c288000-7f989c38b000 r-xp 00000000 08:01 131488                     /lib/x86_64-linux-gnu/libm-2.24.so
7f989c38b000-7f989c58a000 ---p 00103000 08:01 131488                     /lib/x86_64-linux-gnu/libm-2.24.so
7f989c58a000-7f989c58b000 r--p 00102000 08:01 131488                     /lib/x86_64-linux-gnu/libm-2.24.so
7f989c58b000-7f989c58c000 rw-p 00103000 08:01 131488                     /lib/x86_64-linux-gnu/libm-2.24.so
7f989c58c000-7f989d25a000 r-xp 00000000 08:01 4066556                    /opt/jdk1.8.0_121/jre/lib/amd64/server/libjvm.so
7f989d25a000-7f989d45a000 ---p 00cce000 08:01 4066556                    /opt/jdk1.8.0_121/jre/lib/amd64/server/libjvm.so
7f989d45a000-7f989d533000 rw-p 00cce000 08:01 4066556                    /opt/jdk1.8.0_121/jre/lib/amd64/server/libjvm.so
7f989d533000-7f989d57e000 rw-p 00000000 00:00 0 
7f989d57e000-7f989d713000 r-xp 00000000 08:01 131484                     /lib/x86_64-linux-gnu/libc-2.24.so
7f989d713000-7f989d912000 ---p 00195000 08:01 131484                     /lib/x86_64-linux-gnu/libc-2.24.so
7f989d912000-7f989d916000 r--p 00194000 08:01 131484                     /lib/x86_64-linux-gnu/libc-2.24.so
7f989d916000-7f989d918000 rw-p 00198000 08:01 131484                     /lib/x86_64-linux-gnu/libc-2.24.so
7f989d918000-7f989d91c000 rw-p 00000000 00:00 0 
7f989d91c000-7f989d91f000 r-xp 00000000 08:01 131487                     /lib/x86_64-linux-gnu/libdl-2.24.so
7f989d91f000-7f989db1e000 ---p 00003000 08:01 131487                     /lib/x86_64-linux-gnu/libdl-2.24.so
7f989db1e000-7f989db1f000 r--p 00002000 08:01 131487                     /lib/x86_64-linux-gnu/libdl-2.24.so
7f989db1f000-7f989db20000 rw-p 00003000 08:01 131487                     /lib/x86_64-linux-gnu/libdl-2.24.so
7f989db20000-7f989db35000 r-xp 00000000 08:01 4065637                    /opt/jdk1.8.0_121/lib/amd64/jli/libjli.so
7f989db35000-7f989dd35000 ---p 00015000 08:01 4065637                    /opt/jdk1.8.0_121/lib/amd64/jli/libjli.so
7f989dd35000-7f989dd36000 rw-p 00015000 08:01 4065637                    /opt/jdk1.8.0_121/lib/amd64/jli/libjli.so
7f989dd36000-7f989dd4e000 r-xp 00000000 08:01 131499                     /lib/x86_64-linux-gnu/libpthread-2.24.so
7f989dd4e000-7f989df4d000 ---p 00018000 08:01 131499                     /lib/x86_64-linux-gnu/libpthread-2.24.so
7f989df4d000-7f989df4e000 r--p 00017000 08:01 131499                     /lib/x86_64-linux-gnu/libpthread-2.24.so
7f989df4e000-7f989df4f000 rw-p 00018000 08:01 131499                     /lib/x86_64-linux-gnu/libpthread-2.24.so
7f989df4f000-7f989df53000 rw-p 00000000 00:00 0 
7f989df53000-7f989df76000 r-xp 00000000 08:01 131480                     /lib/x86_64-linux-gnu/ld-2.24.so
7f989df7d000-7f989e058000 rw-p 00000000 00:00 0 
7f989e058000-7f989e05b000 ---p 00000000 00:00 0 
7f989e05b000-7f989e15b000 rw-p 00000000 00:00 0 
7f989e169000-7f989e171000 rw-s 00000000 08:01 4325423                    /tmp/hsperfdata_cassiano-ncc/4948
7f989e171000-7f989e172000 rw-p 00000000 00:00 0 
7f989e172000-7f989e173000 r--p 00000000 00:00 0 
7f989e173000-7f989e176000 rw-p 00000000 00:00 0 
7f989e176000-7f989e177000 r--p 00023000 08:01 131480                     /lib/x86_64-linux-gnu/ld-2.24.so
7f989e177000-7f989e178000 rw-p 00024000 08:01 131480                     /lib/x86_64-linux-gnu/ld-2.24.so
7f989e178000-7f989e179000 rw-p 00000000 00:00 0 
7ffe03a3d000-7ffe03a5e000 rw-p 00000000 00:00 0                          [stack]
7ffe03b84000-7ffe03b87000 r--p 00000000 00:00 0                          [vvar]
7ffe03b87000-7ffe03b89000 r-xp 00000000 00:00 0                          [vdso]
ffffffffff600000-ffffffffff601000 r-xp 00000000 00:00 0                  [vsyscall]

VM Arguments:
jvm_args: -Dapplication.home=/opt/jdk1.8.0_121 -Xms8m 
java_command: com.sun.tools.javac.Main -d /home/cassiano-ncc/Dropbox/cc - 7 semestre/Sistemas Distribuidos/ChatRoomRMI/ServerRoomChat/build/classes -classpath /home/cassiano-ncc/Dropbox/cc - 7 semestre/Sistemas Distribuidos/ChatRoomRMI/ServerRoomChat/build/classes -sourcepath /home/cassiano-ncc/Dropbox/cc - 7 semestre/Sistemas Distribuidos/ChatRoomRMI/ServerRoomChat/build/empty -target 1.8 -encoding UTF-8 -g -processorpath /home/cassiano-ncc/Dropbox/cc - 7 semestre/Sistemas Distribuidos/ChatRoomRMI/ServerRoomChat/build/empty -s /home/cassiano-ncc/Dropbox/cc - 7 semestre/Sistemas Distribuidos/ChatRoomRMI/ServerRoomChat/build/generated-sources/ap-source-output -source 1.8 /home/cassiano-ncc/Dropbox/cc - 7 semestre/Sistemas Distribuidos/ChatRoomRMI/ServerRoomChat/src/remoto/IServerRoomChat.java /home/cassiano-ncc/Dropbox/cc - 7 semestre/Sistemas Distribuidos/ChatRoomRMI/ServerRoomChat/src/serverroomchat/RoomChat.java
java_class_path (initial): /opt/jdk1.8.0_121/lib/tools.jar:/opt/jdk1.8.0_121/classes
Launcher Type: SUN_STANDARD

Environment Variables:
PATH=/usr/local/bin:/usr/bin:/bin:/usr/local/games:/usr/games
USERNAME=cassiano-ncc
LD_LIBRARY_PATH=/opt/jdk1.8.0_121/jre/lib/amd64:/opt/jdk1.8.0_121/jre/lib/i386:
SHELL=/bin/bash
DISPLAY=:0

Signal Handlers:
SIGSEGV: [libjvm.so+0xac78c0], sa_mask[0]=11111111011111111101111111111110, sa_flags=SA_RESTART|SA_SIGINFO
SIGBUS: [libjvm.so+0xac78c0], sa_mask[0]=11111111011111111101111111111110, sa_flags=SA_RESTART|SA_SIGINFO
SIGFPE: [libjvm.so+0x920ac0], sa_mask[0]=11111111011111111101111111111110, sa_flags=SA_RESTART|SA_SIGINFO
SIGPIPE: [libjvm.so+0x920ac0], sa_mask[0]=11111111011111111101111111111110, sa_flags=SA_RESTART|SA_SIGINFO
SIGXFSZ: [libjvm.so+0x920ac0], sa_mask[0]=11111111011111111101111111111110, sa_flags=SA_RESTART|SA_SIGINFO
SIGILL: [libjvm.so+0x920ac0], sa_mask[0]=11111111011111111101111111111110, sa_flags=SA_RESTART|SA_SIGINFO
SIGUSR1: SIG_DFL, sa_mask[0]=00000000000000000000000000000000, sa_flags=none
SIGUSR2: [libjvm.so+0x922300], sa_mask[0]=00100000000000000000000000000000, sa_flags=SA_RESTART|SA_SIGINFO
SIGHUP: [libjvm.so+0x923700], sa_mask[0]=11111111011111111101111111111110, sa_flags=SA_RESTART|SA_SIGINFO
SIGINT: SIG_IGN, sa_mask[0]=00000000000000000000000000000000, sa_flags=none
SIGTERM: [libjvm.so+0x923700], sa_mask[0]=11111111011111111101111111111110, sa_flags=SA_RESTART|SA_SIGINFO
SIGQUIT: [libjvm.so+0x923700], sa_mask[0]=11111111011111111101111111111110, sa_flags=SA_RESTART|SA_SIGINFO


---------------  S Y S T E M  ---------------

OS:PRETTY_NAME="Debian GNU/Linux 9 (stretch)"
NAME="Debian GNU/Linux"
VERSION_ID="9"
VERSION="9 (stretch)"
ID=debian
HOME_URL="https://www.debian.org/"
SUPPORT_URL="https://www.debian.org/support"
BUG_REPORT_URL="https://bugs.debian.org/"

uname:Linux 4.6.0-1-amd64 #1 SMP Debian 4.6.4-1 (2016-07-18) x86_64
libc:glibc 2.24 NPTL 2.24 
rlimit: STACK 8192k, CORE 0k, NPROC 17502, NOFILE 65536, AS infinity
load average:0,27 0,31 0,42

/proc/meminfo:
MemTotal:        4567132 kB
MemFree:         1135124 kB
MemAvailable:    2038368 kB
Buffers:           93176 kB
Cached:          1008936 kB
SwapCached:            0 kB
Active:          2489312 kB
Inactive:         761460 kB
Active(anon):    2005540 kB
Inactive(anon):   169212 kB
Active(file):     483772 kB
Inactive(file):   592248 kB
Unevictable:           0 kB
Mlocked:               0 kB
SwapTotal:       4716540 kB
SwapFree:        4716540 kB
Dirty:               640 kB
Writeback:             0 kB
AnonPages:       2148668 kB
Mapped:           326612 kB
Shmem:             26092 kB
Slab:              96408 kB
SReclaimable:      68892 kB
SUnreclaim:        27516 kB
KernelStack:        9328 kB
PageTables:        32848 kB
NFS_Unstable:          0 kB
Bounce:                0 kB
WritebackTmp:          0 kB
CommitLimit:     7000104 kB
Committed_AS:    5988428 kB
VmallocTotal:   34359738367 kB
VmallocUsed:           0 kB
VmallocChunk:          0 kB
HardwareCorrupted:     0 kB
AnonHugePages:         0 kB
HugePages_Total:       0
HugePages_Free:        0
HugePages_Rsvd:        0
HugePages_Surp:        0
Hugepagesize:       2048 kB
DirectMap4k:       87832 kB
DirectMap2M:     3581952 kB
DirectMap1G:     1048576 kB


CPU:total 2 (2 cores per cpu, 1 threads per core) family 16 model 4 stepping 3, cmov, cx8, fxsr, mmx, sse, sse2, sse3, popcnt, mmxext, 3dnowpref, lzcnt, sse4a, tsc, tscinvbit, tscinv

/proc/cpuinfo:
processor	: 0
vendor_id	: AuthenticAMD
cpu family	: 16
model		: 4
model name	: AMD Phenom(tm) II X2 B55 Processor
stepping	: 3
microcode	: 0x10000b6
cpu MHz		: 2300.000
cache size	: 512 KB
physical id	: 0
siblings	: 2
core id		: 0
cpu cores	: 2
apicid		: 0
initial apicid	: 0
fpu		: yes
fpu_exception	: yes
cpuid level	: 5
wp		: yes
flags		: fpu vme de pse tsc msr pae mce cx8 apic sep mtrr pge mca cmov pat pse36 clflush mmx fxsr sse sse2 ht syscall nx mmxext fxsr_opt pdpe1gb rdtscp lm 3dnowext 3dnow constant_tsc rep_good nopl nonstop_tsc extd_apicid eagerfpu pni monitor cx16 popcnt lahf_lm cmp_legacy svm extapic cr8_legacy abm sse4a misalignsse 3dnowprefetch osvw ibs skinit wdt hw_pstate vmmcall npt lbrv svm_lock nrip_save
bugs		: tlb_mmatch apic_c1e fxsave_leak sysret_ss_attrs
bogomips	: 5985.02
TLB size	: 1024 4K pages
clflush size	: 64
cache_alignment	: 64
address sizes	: 48 bits physical, 48 bits virtual
power management: ts ttp tm stc 100mhzsteps hwpstate

processor	: 1
vendor_id	: AuthenticAMD
cpu family	: 16
model		: 4
model name	: AMD Phenom(tm) II X2 B55 Processor
stepping	: 3
microcode	: 0x10000b6
cpu MHz		: 3000.000
cache size	: 512 KB
physical id	: 0
siblings	: 2
core id		: 1
cpu cores	: 2
apicid		: 1
initial apicid	: 1
fpu		: yes
fpu_exception	: yes
cpuid level	: 5
wp		: yes
flags		: fpu vme de pse tsc msr pae mce cx8 apic sep mtrr pge mca cmov pat pse36 clflush mmx fxsr sse sse2 ht syscall nx mmxext fxsr_opt pdpe1gb rdtscp lm 3dnowext 3dnow constant_tsc rep_good nopl nonstop_tsc extd_apicid eagerfpu pni monitor cx16 popcnt lahf_lm cmp_legacy svm extapic cr8_legacy abm sse4a misalignsse 3dnowprefetch osvw ibs skinit wdt hw_pstate vmmcall npt lbrv svm_lock nrip_save
bugs		: tlb_mmatch apic_c1e fxsave_leak sysret_ss_attrs
bogomips	: 5985.01
TLB size	: 1024 4K pages
clflush size	: 64
cache_alignment	: 64
address sizes	: 48 bits physical, 48 bits virtual
power management: ts ttp tm stc 100mhzsteps hwpstate



Memory: 4k page, physical 4567132k(1135124k free), swap 4716540k(4716540k free)

vm_info: Java HotSpot(TM) 64-Bit Server VM (25.121-b13) for linux-amd64 JRE (1.8.0_121-b13), built on Dec 12 2016 16:36:53 by "java_re" with gcc 4.3.0 20080428 (Red Hat 4.3.0-8)

time: Thu May 25 07:56:54 2017
elapsed time: 0 seconds (0d 0h 0m 0s)

